<?xml version="1.0" encoding="UTF-8"?>
<!-- Generated by org.testng.reporters.JUnitXMLReporter -->
<testsuite ignored="0" hostname="LAPTOP-98L55773" failures="1" tests="8" name="Default test" time="5.803" errors="0" timestamp="2026-08-12T23:08:07 IST">
  <testcase classname="testCases.UserTests" name="testCreateUser" time="2.784"/>
  <testcase classname="testCases.UserTests" name="testDeleteUser" time="0.428"/>
  <testcase classname="testCases.UserTests" name="testGetAllUsers" time="0.453"/>
  <testcase classname="testCases.UserTests" name="testGetUserById" time="0.393"/>
  <testcase classname="testCases.UserTests" name="testGetUsersSorted" time="0.416"/>
  <testcase classname="testCases.UserTests" name="testGetUsersSortedAsc" time="0.406"/>
  <testcase classname="testCases.UserTests" name="testGetUsersWithLimit" time="0.002">
    <failure type="java.lang.NumberFormatException" message="For input string: &amp;quot;5;&amp;quot;">
      <![CDATA[java.lang.NumberFormatException: For input string: "5;"
at java.base/java.lang.NumberFormatException.forInputString(NumberFormatException.java:67)
at java.base/java.lang.Integer.parseInt(Integer.java:662)
at java.base/java.lang.Integer.parseInt(Integer.java:778)
at utils.configReader.getIntProperty(configReader.java:32)
at testCases.UserTests.testGetUsersWithLimit(UserTests.java:58)
at java.base/jdk.internal.reflect.DirectMethodHandleAccessor.invoke(DirectMethodHandleAccessor.java:103)
at java.base/java.lang.reflect.Method.invoke(Method.java:580)
at org.testng.internal.invokers.MethodInvocationHelper.invokeMethod(MethodInvocationHelper.java:141)
at org.testng.internal.invokers.TestInvoker.invokeMethod(TestInvoker.java:686)
at org.testng.internal.invokers.TestInvoker.invokeTestMethod(TestInvoker.java:230)
at org.testng.internal.invokers.MethodRunner.runInSequence(MethodRunner.java:63)
at org.testng.internal.invokers.TestInvoker$MethodInvocationAgent.invoke(TestInvoker.java:992)
at org.testng.internal.invokers.TestInvoker.invokeTestMethods(TestInvoker.java:203)
at org.testng.internal.invokers.TestMethodWorker.invokeTestMethods(TestMethodWorker.java:154)
at org.testng.internal.invokers.TestMethodWorker.run(TestMethodWorker.java:134)
at java.base/java.util.ArrayList.forEach(ArrayList.java:1596)
at org.testng.TestRunner.privateRun(TestRunner.java:739)
at org.testng.TestRunner.run(TestRunner.java:614)
at org.testng.SuiteRunner.runTest(SuiteRunner.java:421)
at org.testng.SuiteRunner.runSequentially(SuiteRunner.java:413)
at org.testng.SuiteRunner.privateRun(SuiteRunner.java:373)
at org.testng.SuiteRunner.run(SuiteRunner.java:312)
at org.testng.SuiteRunnerWorker.runSuite(SuiteRunnerWorker.java:52)
at org.testng.SuiteRunnerWorker.run(SuiteRunnerWorker.java:95)
at org.testng.TestNG.runSuitesSequentially(TestNG.java:1274)
at org.testng.TestNG.runSuitesLocally(TestNG.java:1208)
at org.testng.TestNG.runSuites(TestNG.java:1112)
at org.testng.TestNG.run(TestNG.java:1079)
at org.testng.remote.AbstractRemoteTestNG.run(AbstractRemoteTestNG.java:115)
at org.testng.remote.RemoteTestNG.initAndRun(RemoteTestNG.java:293)
at org.testng.remote.RemoteTestNG.main(RemoteTestNG.java:91)
]]>
    </failure>
  </testcase> <!-- testGetUsersWithLimit -->
  <testcase classname="testCases.UserTests" name="testUpdateUser" time="0.305"/>
</testsuite> <!-- Default test -->
