<?xml version="1.0" encoding="UTF-8"?>
<!-- Generated by org.testng.reporters.JUnitXMLReporter -->
<testsuite ignored="0" hostname="LAPTOP-98L55773" failures="0" tests="10" name="API Tests" time="11.384" errors="0" timestamp="2026-08-12T19:58:35 IST">
  <testcase classname="testCases.ProductTests" name="testCreateProducts" time="5.544"/>
  <testcase classname="testCases.ProductTests" name="testDeleteProduct" time="0.433"/>
  <testcase classname="testCases.ProductTests" name="testGetAllCategories" time="0.387"/>
  <testcase classname="testCases.ProductTests" name="testGetAllProducts" time="0.584"/>
  <testcase classname="testCases.ProductTests" name="testGetLimitedProducts" time="0.374"/>
  <testcase classname="testCases.ProductTests" name="testGetProductsSortedAsc" time="0.517"/>
  <testcase classname="testCases.ProductTests" name="testGetProductsSortedDesc" time="0.506"/>
  <testcase classname="testCases.ProductTests" name="testGetSingleProductById" time="0.395"/>
  <testcase classname="testCases.ProductTests" name="testProductsByCategory" time="0.467"/>
  <testcase classname="testCases.ProductTests" name="testUpdateProductsById" time="0.418"/>
</testsuite> <!-- API Tests -->
