<?xml version="1.0" encoding="UTF-8"?>
<!-- Generated by org.testng.reporters.JUnitXMLReporter -->
<testsuite ignored="0" hostname="LAPTOP-98L55773" failures="0" tests="8" name="User Tests" time="7.364" errors="0" timestamp="2026-08-18T18:30:53 IST">
  <testcase classname="testCases.UserTests" name="testCreateUser" time="3.633"/>
  <testcase classname="testCases.UserTests" name="testDeleteUser" time="0.422"/>
  <testcase classname="testCases.UserTests" name="testGetAllUsers" time="0.481"/>
  <testcase classname="testCases.UserTests" name="testGetUserById" time="0.385"/>
  <testcase classname="testCases.UserTests" name="testGetUsersSorted" time="0.42"/>
  <testcase classname="testCases.UserTests" name="testGetUsersSortedAsc" time="0.599"/>
  <testcase classname="testCases.UserTests" name="testGetUsersWithLimit" time="0.41"/>
  <testcase classname="testCases.UserTests" name="testUpdateUser" time="0.229"/>
</testsuite> <!-- User Tests -->
