<?xml version="1.0" encoding="UTF-8"?>
<testng-results ignored="0" total="21" passed="21" failed="0" skipped="0">
  <reporter-output>
  </reporter-output>
  <suite started-at="2026-08-18T18:30:45 IST" name=" API TestSuite" finished-at="2026-08-18T18:30:54 IST" duration-ms="8821">
    <groups>
    </groups>
    <test started-at="2026-08-18T18:30:45 IST" name="User Tests" finished-at="2026-08-18T18:30:52 IST" duration-ms="7364">
      <class name="testCases.UserTests">
        <test-method is-config="true" signature="setup()[pri:0, instance:testCases.UserTests@7fd7a283]" started-at="2026-08-18T18:30:45 IST" name="setup" finished-at="2026-08-18T18:30:46 IST" duration-ms="418" status="PASS">
          <reporter-output>
          </reporter-output>
        </test-method> <!-- setup -->
        <test-method signature="testCreateUser()[pri:0, instance:testCases.UserTests@7fd7a283]" started-at="2026-08-18T18:30:46 IST" name="testCreateUser" finished-at="2026-08-18T18:30:49 IST" duration-ms="3633" status="PASS">
          <reporter-output>
          </reporter-output>
        </test-method> <!-- testCreateUser -->
        <test-method signature="testDeleteUser()[pri:0, instance:testCases.UserTests@7fd7a283]" started-at="2026-08-18T18:30:49 IST" name="testDeleteUser" finished-at="2026-08-18T18:30:50 IST" duration-ms="422" status="PASS">
          <reporter-output>
          </reporter-output>
        </test-method> <!-- testDeleteUser -->
        <test-method signature="testGetAllUsers()[pri:0, instance:testCases.UserTests@7fd7a283]" started-at="2026-08-18T18:30:50 IST" name="testGetAllUsers" finished-at="2026-08-18T18:30:50 IST" duration-ms="481" status="PASS">
          <reporter-output>
          </reporter-output>
        </test-method> <!-- testGetAllUsers -->
        <test-method signature="testGetUserById()[pri:0, instance:testCases.UserTests@7fd7a283]" started-at="2026-08-18T18:30:50 IST" name="testGetUserById" finished-at="2026-08-18T18:30:51 IST" duration-ms="385" status="PASS">
          <reporter-output>
          </reporter-output>
        </test-method> <!-- testGetUserById -->
        <test-method signature="testGetUsersSorted()[pri:0, instance:testCases.UserTests@7fd7a283]" started-at="2026-08-18T18:30:51 IST" name="testGetUsersSorted" finished-at="2026-08-18T18:30:51 IST" duration-ms="420" status="PASS">
          <reporter-output>
          </reporter-output>
        </test-method> <!-- testGetUsersSorted -->
        <test-method signature="testGetUsersSortedAsc()[pri:0, instance:testCases.UserTests@7fd7a283]" started-at="2026-08-18T18:30:51 IST" name="testGetUsersSortedAsc" finished-at="2026-08-18T18:30:52 IST" duration-ms="599" status="PASS">
          <reporter-output>
          </reporter-output>
        </test-method> <!-- testGetUsersSortedAsc -->
        <test-method signature="testGetUsersWithLimit()[pri:0, instance:testCases.UserTests@7fd7a283]" started-at="2026-08-18T18:30:52 IST" name="testGetUsersWithLimit" finished-at="2026-08-18T18:30:52 IST" duration-ms="410" status="PASS">
          <reporter-output>
          </reporter-output>
        </test-method> <!-- testGetUsersWithLimit -->
        <test-method signature="testUpdateUser()[pri:0, instance:testCases.UserTests@7fd7a283]" started-at="2026-08-18T18:30:52 IST" name="testUpdateUser" finished-at="2026-08-18T18:30:52 IST" duration-ms="229" status="PASS">
          <reporter-output>
          </reporter-output>
        </test-method> <!-- testUpdateUser -->
      </class> <!-- testCases.UserTests -->
    </test> <!-- User Tests -->
    <test started-at="2026-08-18T18:30:45 IST" name="Product Tests" finished-at="2026-08-18T18:30:52 IST" duration-ms="7339">
      <class name="testCases.ProductTests">
        <test-method is-config="true" signature="setup()[pri:0, instance:testCases.ProductTests@660acfb]" started-at="2026-08-18T18:30:45 IST" name="setup" finished-at="2026-08-18T18:30:46 IST" duration-ms="418" status="PASS">
          <reporter-output>
          </reporter-output>
        </test-method> <!-- setup -->
        <test-method signature="testCreateProducts()[pri:0, instance:testCases.ProductTests@660acfb]" started-at="2026-08-18T18:30:46 IST" name="testCreateProducts" finished-at="2026-08-18T18:30:49 IST" duration-ms="3648" status="PASS">
          <reporter-output>
          </reporter-output>
        </test-method> <!-- testCreateProducts -->
        <test-method signature="testDeleteProduct()[pri:0, instance:testCases.ProductTests@660acfb]" started-at="2026-08-18T18:30:49 IST" name="testDeleteProduct" finished-at="2026-08-18T18:30:50 IST" duration-ms="338" status="PASS">
          <reporter-output>
          </reporter-output>
        </test-method> <!-- testDeleteProduct -->
        <test-method signature="testGetAllCategories()[pri:0, instance:testCases.ProductTests@660acfb]" started-at="2026-08-18T18:30:50 IST" name="testGetAllCategories" finished-at="2026-08-18T18:30:50 IST" duration-ms="322" status="PASS">
          <reporter-output>
          </reporter-output>
        </test-method> <!-- testGetAllCategories -->
        <test-method signature="testGetAllProducts()[pri:0, instance:testCases.ProductTests@660acfb]" started-at="2026-08-18T18:30:50 IST" name="testGetAllProducts" finished-at="2026-08-18T18:30:50 IST" duration-ms="461" status="PASS">
          <reporter-output>
          </reporter-output>
        </test-method> <!-- testGetAllProducts -->
        <test-method signature="testGetLimitedProducts()[pri:0, instance:testCases.ProductTests@660acfb]" started-at="2026-08-18T18:30:50 IST" name="testGetLimitedProducts" finished-at="2026-08-18T18:30:51 IST" duration-ms="333" status="PASS">
          <reporter-output>
          </reporter-output>
        </test-method> <!-- testGetLimitedProducts -->
        <test-method signature="testGetProductsSortedAsc()[pri:0, instance:testCases.ProductTests@660acfb]" started-at="2026-08-18T18:30:51 IST" name="testGetProductsSortedAsc" finished-at="2026-08-18T18:30:51 IST" duration-ms="298" status="PASS">
          <reporter-output>
          </reporter-output>
        </test-method> <!-- testGetProductsSortedAsc -->
        <test-method signature="testGetProductsSortedDesc()[pri:0, instance:testCases.ProductTests@660acfb]" started-at="2026-08-18T18:30:51 IST" name="testGetProductsSortedDesc" finished-at="2026-08-18T18:30:51 IST" duration-ms="325" status="PASS">
          <reporter-output>
          </reporter-output>
        </test-method> <!-- testGetProductsSortedDesc -->
        <test-method signature="testGetSingleProductById()[pri:0, instance:testCases.ProductTests@660acfb]" started-at="2026-08-18T18:30:51 IST" name="testGetSingleProductById" finished-at="2026-08-18T18:30:52 IST" duration-ms="206" status="PASS">
          <reporter-output>
          </reporter-output>
        </test-method> <!-- testGetSingleProductById -->
        <test-method signature="testProductsByCategory()[pri:0, instance:testCases.ProductTests@660acfb]" started-at="2026-08-18T18:30:52 IST" name="testProductsByCategory" finished-at="2026-08-18T18:30:52 IST" duration-ms="313" status="PASS">
          <reporter-output>
          </reporter-output>
        </test-method> <!-- testProductsByCategory -->
        <test-method signature="testUpdateProductsById()[pri:0, instance:testCases.ProductTests@660acfb]" started-at="2026-08-18T18:30:52 IST" name="testUpdateProductsById" finished-at="2026-08-18T18:30:52 IST" duration-ms="298" status="PASS">
          <reporter-output>
          </reporter-output>
        </test-method> <!-- testUpdateProductsById -->
      </class> <!-- testCases.ProductTests -->
    </test> <!-- Product Tests -->
    <test started-at="2026-08-18T18:30:53 IST" name="Cart Tests" finished-at="2026-08-18T18:30:53 IST" duration-ms="350">
      <class name="testCases.CartTests">
        <test-method is-config="true" signature="setup()[pri:0, instance:testCases.CartTests@9cb8225]" started-at="2026-08-18T18:30:53 IST" name="setup" finished-at="2026-08-18T18:30:53 IST" duration-ms="2" status="PASS">
          <reporter-output>
          </reporter-output>
        </test-method> <!-- setup -->
        <test-method signature="testCreateCart()[pri:0, instance:testCases.CartTests@9cb8225]" started-at="2026-08-18T18:30:53 IST" name="testCreateCart" finished-at="2026-08-18T18:30:53 IST" duration-ms="343" status="PASS">
          <reporter-output>
          </reporter-output>
        </test-method> <!-- testCreateCart -->
      </class> <!-- testCases.CartTests -->
    </test> <!-- Cart Tests -->
    <test started-at="2026-08-18T18:30:53 IST" name="Auth Tests" finished-at="2026-08-18T18:30:54 IST" duration-ms="1083">
      <class name="testCases.LoginTests">
        <test-method is-config="true" signature="setup()[pri:0, instance:testCases.LoginTests@34129c78]" started-at="2026-08-18T18:30:53 IST" name="setup" finished-at="2026-08-18T18:30:53 IST" duration-ms="1" status="PASS">
          <reporter-output>
          </reporter-output>
        </test-method> <!-- setup -->
        <test-method signature="testInvalidUserLogin()[pri:0, instance:testCases.LoginTests@34129c78]" started-at="2026-08-18T18:30:53 IST" name="testInvalidUserLogin" finished-at="2026-08-18T18:30:53 IST" duration-ms="692" status="PASS">
          <reporter-output>
          </reporter-output>
        </test-method> <!-- testInvalidUserLogin -->
        <test-method signature="testValidUserLogin()[pri:0, instance:testCases.LoginTests@34129c78]" started-at="2026-08-18T18:30:53 IST" name="testValidUserLogin" finished-at="2026-08-18T18:30:54 IST" duration-ms="370" status="PASS">
          <reporter-output>
          </reporter-output>
        </test-method> <!-- testValidUserLogin -->
      </class> <!-- testCases.LoginTests -->
    </test> <!-- Auth Tests -->
  </suite> <!--  API TestSuite -->
</testng-results>
