<?xml version="1.0" encoding="UTF-8"?>
<!-- Generated by org.testng.reporters.JUnitReportReporter -->
<testsuite hostname="LAPTOP-98L55773" failures="0" tests="5" name="testCases.ProductDataDrivenTest" time="9.397" errors="0" timestamp="2026-08-12T19:36:03 IST" skipped="0">
  <testcase classname="testCases.ProductDataDrivenTest" name="testAddNewProduct" time="5.824"/>
  <testcase classname="testCases.ProductDataDrivenTest" name="testAddNewProduct" time="0.771"/>
  <testcase classname="testCases.ProductDataDrivenTest" name="testAddNewProduct" time="0.916"/>
  <testcase classname="testCases.ProductDataDrivenTest" name="testAddNewProduct" time="1.044"/>
  <testcase classname="testCases.ProductDataDrivenTest" name="testAddNewProduct" time="0.842"/>
</testsuite> <!-- testCases.ProductDataDrivenTest -->
