<?xml version="1.0" encoding="UTF-8"?>
<!-- Generated by org.testng.reporters.JUnitReportReporter -->
<testsuite hostname="LAPTOP-98L55773" failures="0" tests="10" name="testCases.ProductTests" time="6.542" errors="0" timestamp="2026-08-18T18:30:54 IST" skipped="0">
  <testcase classname="testCases.ProductTests" name="testDeleteProduct" time="0.338"/>
  <testcase classname="testCases.ProductTests" name="testGetLimitedProducts" time="0.333"/>
  <testcase classname="testCases.ProductTests" name="testGetProductsSortedAsc" time="0.298"/>
  <testcase classname="testCases.ProductTests" name="testGetSingleProductById" time="0.206"/>
  <testcase classname="testCases.ProductTests" name="testGetProductsSortedDesc" time="0.325"/>
  <testcase classname="testCases.ProductTests" name="testUpdateProductsById" time="0.298"/>
  <testcase classname="testCases.ProductTests" name="testCreateProducts" time="3.648"/>
  <testcase classname="testCases.ProductTests" name="testGetAllCategories" time="0.322"/>
  <testcase classname="testCases.ProductTests" name="testGetAllProducts" time="0.461"/>
  <testcase classname="testCases.ProductTests" name="testProductsByCategory" time="0.313"/>
</testsuite> <!-- testCases.ProductTests -->
